{"failedCount":1,"prefixedPath":"src\/test\/java\/Configuration\/ConfigTest.feature","packageQualifiedName":"src.test.java.Configuration.ConfigTest","loopIndex":-1,"relativePath":"src\/test\/java\/Configuration\/ConfigTest.feature","scenarioResults":[{"sectionIndex":0,"stepResults":[{"result":{"nanos":71223700,"errorMessage":"js failed:\n>>>>\n01: karate.log('[print]',name)\n<<<<\norg.graalvm.polyglot.PolyglotException: ReferenceError: \"name\" is not defined\n- <js>.:program(Unnamed:1)\n\nsrc\/test\/java\/Configuration\/ConfigTest.feature:4","millis":71.2237,"status":"failed"},"step":{"line":4,"prefix":"Given","index":0,"text":"print name"},"stepLog":"19:50:52.733 src\/test\/java\/Configuration\/ConfigTest.feature:4\nGiven print name\njs failed:\n>>>>\n01: karate.log('[print]',name)\n<<<<\norg.graalvm.polyglot.PolyglotException: ReferenceError: \"name\" is not defined\n- <js>.:program(Unnamed:1)\n\nsrc\/test\/java\/Configuration\/ConfigTest.feature:4\n"}],"line":3,"description":"","durationMillis":71.2237,"failed":true,"error":"js failed:\n>>>>\n01: karate.log('[print]',name)\n<<<<\norg.graalvm.polyglot.PolyglotException: ReferenceError: \"name\" is not defined\n- <js>.:program(Unnamed:1)\n\nsrc\/test\/java\/Configuration\/ConfigTest.feature:4","executorName":"main","name":"Configuration with File API test 1","startTime":1654793452653,"refId":"[1:3]","endTime":1654793452733,"exampleIndex":-1}],"callDepth":0,"name":"Configuration Test","description":"","resultDate":"2022-06-09 07:50:52 Ã–S","durationMillis":71.2237,"passedCount":0}